<?xml version="1.0" encoding="utf-8"?><testsuites name="pytest tests"><testsuite name="pytest" errors="0" failures="0" skipped="1" tests="237" time="10.954" timestamp="2025-11-29T14:22:27.183897-05:00" hostname="home"><testcase classname="tests.test_bots.test_02.test_known_switches" name="test_invalid_tool" file="tests\test_bots\test_02\test_known_switches.py" line="31" time="0.005" /><testcase classname="tests.test_bots.test_01.test_compatibility_complex" name="test_check_range_compatibility[~1.2.0-found_version2-Compatible]" file="tests\test_bots\test_01\test_compatibility_complex.py" line="22" time="0.013" /><testcase classname="tests.test_bots.test_02.test_known_switches" name="test_known_switches_not_empty" file="tests\test_bots\test_02\test_known_switches.py" line="76" time="0.001" /><testcase classname="tests.test_bots.test_02.test_known_switches" name="test_known_switches" file="tests\test_bots\test_02\test_known_switches.py" line="15" time="0.001" /><testcase classname="tests.test_bots.test_02.test_known_switches" name="test_valid_keys" file="tests\test_bots\test_02\test_known_switches.py" line="46" time="0.001" /><testcase classname="tests.test_bots.test_02.test_known_switches" name="test_valid_switch_values" file="tests\test_bots\test_02\test_known_switches.py" line="61" time="0.001" /><testcase classname="tests.test_bots.test_01.test_compatibility_complex" name="test_convert_version_range[1.2.*-&gt;=1.2.0 &lt;1.3.0]" file="tests\test_bots\test_01\test_compatibility_complex.py" line="8" time="0.001" /><testcase classname="tests.test_bots.test_01.test_compatibility_complex" name="test_check_range_compatibility_invalid_range" file="tests\test_bots\test_01\test_compatibility_complex.py" line="46" time="0.001" /><testcase classname="tests.test_bots.test_02.test_config_manager" name="test_update_tool_config" file="tests\test_bots\test_02\test_config_manager.py" line="31" time="0.024" /><testcase classname="tests.test_bots.test_01.test_compatibility_complex" name="test_check_range_compatibility[^1.1.1-found_version1-^1.1.1 != 1.1.0]" file="tests\test_bots\test_01\test_compatibility_complex.py" line="22" time="0.001" /><testcase classname="tests.test_bots.test_01.test_compatibility_complex" name="test_check_range_compatibility_happy_path" file="tests\test_bots\test_01\test_compatibility_complex.py" line="84" time="0.001" /><testcase classname="tests.test_bots.test_01.test_compatibility_complex" name="test_convert_version_range[^1.2.3-&gt;=1.2.3 &lt;2.0.0]" file="tests\test_bots\test_01\test_compatibility_complex.py" line="8" time="0.001" /><testcase classname="tests.test_bots.test_01.test_compatibility_complex" name="test_check_range_compatibility_edge_cases" file="tests\test_bots\test_01\test_compatibility_complex.py" line="90" time="0.001" /><testcase classname="tests.test_bots.test_01.test_compatibility_complex" name="test_check_range_compatibility[^1.1.1-found_version0-Compatible]" file="tests\test_bots\test_01\test_compatibility_complex.py" line="22" time="0.001" /><testcase classname="tests.test_bots.test_01.test_compatibility_complex" name="test_convert_version_range_invalid[1.2.3.4]" file="tests\test_bots\test_01\test_compatibility_complex.py" line="34" time="0.001" /><testcase classname="tests.test_bots.test_01.test_compatibility_complex" name="test_convert_version_range_invalid[1.2]" file="tests\test_bots\test_01\test_compatibility_complex.py" line="34" time="0.001" /><testcase classname="tests.test_bots.test_01.test_compatibility_complex" name="test_convert_version_range[*-&gt;=0.0.0]" file="tests\test_bots\test_01\test_compatibility_complex.py" line="8" time="0.001" /><testcase classname="tests.test_bots.test_01.test_compatibility_complex" name="test_convert_version_range_invalid2" file="tests\test_bots\test_01\test_compatibility_complex.py" line="70" time="0.001" /><testcase classname="tests.test_bots.test_02.test_config_manager" name="test_create_update_tool_config" file="tests\test_bots\test_02\test_config_manager.py" line="46" time="0.008" /><testcase classname="tests.test_bots.test_01.test_compatibility_complex" name="test_convert_version_range[~1.2-&gt;=1.2 &lt;1.3.0]" file="tests\test_bots\test_01\test_compatibility_complex.py" line="8" time="0.001" /><testcase classname="tests.test_bots.test_01.test_compatibility_complex" name="test_check_range_compatibility_invalid" file="tests\test_bots\test_01\test_compatibility_complex.py" line="96" time="0.001" /><testcase classname="tests.test_bots.test_01.test_compatibility_complex" name="test_convert_version_range[1.*-&gt;=1.0.0 &lt;2.0.0]" file="tests\test_bots\test_01\test_compatibility_complex.py" line="8" time="0.001" /><testcase classname="tests.test_bots.test_01.test_compatibility_complex" name="test_convert_version_range_happy_path" file="tests\test_bots\test_01\test_compatibility_complex.py" line="54" time="0.001" /><testcase classname="tests.test_bots.test_02.test_config_manager" name="test_create_tool_config" file="tests\test_bots\test_02\test_config_manager.py" line="18" time="0.003" /><testcase classname="tests.test_bots.test_01.test_compatibility_complex" name="test_convert_version_range_edge_cases" file="tests\test_bots\test_01\test_compatibility_complex.py" line="63" time="0.001" /><testcase classname="tests.test_bots.test_02.test_compatibility_complex" name="test_check_range_compatibility" file="tests\test_bots\test_02\test_compatibility_complex.py" line="50" time="0.002" /><testcase classname="tests.test_bots.test_02.test_config_manager" name="test_delete_tool_config" file="tests\test_bots\test_02\test_config_manager.py" line="60" time="0.006" /><testcase classname="tests.test_bots.test_02.test_compatibility_complex" name="test_convert_version_range" file="tests\test_bots\test_02\test_compatibility_complex.py" line="29" time="0.001" /><testcase classname="tests.test_bots.test_01.test_view_pipx_stress_test" name="test_report_for_pipx_tools_no_pipx_data" file="tests\test_bots\test_01\test_view_pipx_stress_test.py" line="50" time="0.027" /><testcase classname="tests.test_hypothesis.test_audit_manager" name="test_fuzz_ExistenceVersionChecker" file="tests\test_hypothesis\test_audit_manager.py" line="9" time="0.018" /><testcase classname="tests.test_hypothesis.test_audit_manager" name="test_fuzz_SnapshotVersionChecker" file="tests\test_hypothesis\test_audit_manager.py" line="24" time="0.206" /><testcase classname="tests.test_bots.test_01.test_view_pipx_stress_test" name="test_get_pipx_list_called_process_error" file="tests\test_bots\test_01\test_view_pipx_stress_test.py" line="6" time="0.003" /><testcase classname="tests.test_bots.test_01.test_view_pipx_stress_test" name="test_report_for_pipx_tools_empty_data" file="tests\test_bots\test_01\test_view_pipx_stress_test.py" line="38" time="0.002" /><testcase classname="tests.test_bots.test_01.test_view_pipx_stress_test" name="test_report_for_pipx_tools_happy_path" file="tests\test_bots\test_01\test_view_pipx_stress_test.py" line="20" time="0.049" /><testcase classname="tests.test_bots.test_02.test_view_pipx_stress_test" name="test_extract_apps" file="tests\test_bots\test_02\test_view_pipx_stress_test.py" line="4" time="0.001" /><testcase classname="tests.test_config_manager" name="test_read_config" file="tests\test_config_manager.py" line="23" time="0.013" /><testcase classname="tests.test_config_manager" name="test_create_tool_config" file="tests\test_config_manager.py" line="31" time="0.011" /><testcase classname="tests.test_config_manager" name="test_update_tool_config" file="tests\test_config_manager.py" line="38" time="0.006" /><testcase classname="tests.test_config_manager" name="test_delete_tool_config" file="tests\test_config_manager.py" line="45" time="0.006" /><testcase classname="tests.test_bots.test_02.test_config_reader" name="test_read_config_existing_section" file="tests\test_bots\test_02\test_config_reader.py" line="47" time="0.003" /><testcase classname="tests.test_bots.test_02.test_logging_config" name="test_generate_config_default" file="tests\test_bots\test_02\test_logging_config.py" line="42" time="0.003" /><testcase classname="tests.test_bots.test_02.test_logging_config" name="test_generate_config_return_type" file="tests\test_bots\test_02\test_logging_config.py" line="47" time="0.001" /><testcase classname="tests.test_bots.test_02.test_logging_config" name="test_generate_config_no_env_set" file="tests\test_bots\test_02\test_logging_config.py" line="36" time="0.002" /><testcase classname="tests.test_bots.test_02.test_logging_config" name="test_generate_config_ci_set" file="tests\test_bots\test_02\test_logging_config.py" line="30" time="0.002" /><testcase classname="tests.test_bots.test_02.test_logging_config" name="test_generate_config_no_color_set" file="tests\test_bots\test_02\test_logging_config.py" line="24" time="0.002" /><testcase classname="tests.test_bots.test_01.test_views" name="test_validate_no_tags" file="tests\test_bots\test_01\test_views.py" line="87" time="0.013" /><testcase classname="tests.test_bots.test_01.test_views" name="test_validate_happy_path" file="tests\test_bots\test_01\test_views.py" line="44" time="0.003" /><testcase classname="tests.test_bots.test_01.test_views" name="test_validate_edge_case_empty_tools" file="tests\test_bots\test_01\test_views.py" line="66" time="0.001" /><testcase classname="tests.test_bots.test_01.test_views" name="test_validate_error_conditions_file_not_found" file="tests\test_bots\test_01\test_views.py" line="78" time="0.001" /><testcase classname="tests.test_bots.test_01.test_views" name="test_validate[file_path0-True-tags0-1]" file="tests\test_bots\test_01\test_views.py" line="9" time="0.004" /><testcase classname="tests.test_bots.test_01.test_views" name="test_validate_file_not_found" file="tests\test_bots\test_01\test_views.py" line="35" time="0.001" /><testcase classname="tests.test_bots.test_02.test_json_utils" name="test_custom_json_serializer_date" file="tests\test_bots\test_02\test_json_utils.py" line="31" time="0.002" /><testcase classname="tests.test_bots.test_02.test_json_utils" name="test_custom_json_serializer_enum" file="tests\test_bots\test_02\test_json_utils.py" line="48" time="0.001" /><testcase classname="tests.test_bots.test_02.test_json_utils" name="test_custom_json_serializer_unknown" file="tests\test_bots\test_02\test_json_utils.py" line="57" time="0.001" /><testcase classname="tests.test_bots.test_02.test_json_utils" name="test_custom_json_serializer_dataclass" file="tests\test_bots\test_02\test_json_utils.py" line="37" time="0.001" /><testcase classname="tests.test_bots.test_02.test_json_utils" name="test_custom_json_serializer_datetime" file="tests\test_bots\test_02\test_json_utils.py" line="25" time="0.001" /><testcase classname="tests.test_hypothesis.test_json_utils" name="test_fuzz_custom_json_serializer" file="tests\test_hypothesis\test_json_utils.py" line="10" time="0.009" /><testcase classname="tests.test_hypothesis.test_config_reader" name="test_fuzz_read_config" file="tests\test_hypothesis\test_config_reader.py" line="11" time="0.130" /><testcase classname="tests.test_hypothesis.test_audit_manager" name="test_fuzz_SemVerChecker" file="tests\test_hypothesis\test_audit_manager.py" line="19" time="0.061" /><testcase classname="tests.test_hypothesis.test_audit_manager" name="test_fuzz_VersionResult" file="tests\test_hypothesis\test_audit_manager.py" line="29" time="0.066" /><testcase classname="tests.test_bots.test_01.test_audit_cache" name="test_happy_path_write_to_cache" file="tests\test_bots\test_01\test_audit_cache.py" line="96" time="0.012" /><testcase classname="tests.test_bots.test_01.test_audit_cache" name="test_read_from_cache[None-None-False]" file="tests\test_bots\test_01\test_audit_cache.py" line="24" time="0.005" /><testcase classname="tests.test_bots.test_01.test_audit_cache" name="test_read_from_cache_file_not_found" file="tests\test_bots\test_01\test_audit_cache.py" line="74" time="0.004" /><testcase classname="tests.test_hypothesis.test_audit_manager" name="test_fuzz_Pep440VersionChecker" file="tests\test_hypothesis\test_audit_manager.py" line="14" time="0.004" /><testcase classname="tests.test_bots.test_01.test_audit_cache" name="test_edge_case_tool_name_with_special_character" file="tests\test_bots\test_01\test_audit_cache.py" line="114" time="0.005" /><testcase classname="tests.test_version_parsing" name="test_simple_extraction" file="tests\test_version_parsing.py" line="28" time="0.001" /><testcase classname="tests.test_version_parsing" name="test_two_part" file="tests\test_version_parsing.py" line="45" time="0.002" /><testcase classname="tests.test_bots.test_01.test_audit_cache" name="test_edge_case_multiple_cache_writes" file="tests\test_bots\test_01\test_audit_cache.py" line="128" time="0.008" /><testcase classname="tests.test_version_parsing" name="test_multi_line" file="tests\test_version_parsing.py" line="5" time="0.001" /><testcase classname="tests.test_version_parsing" name="test_two_pass" file="tests\test_version_parsing.py" line="50" time="0.001" /><testcase classname="tests.test_version_parsing" name="test_other_cases" file="tests\test_version_parsing.py" line="37" time="0.001" /><testcase classname="tests.test_bots.test_01.test_logging_config" name="test_generate_config_default" file="tests\test_bots\test_01\test_logging_config.py" line="41" time="0.001" /><testcase classname="tests.test_bots.test_01.test_logging_config" name="test_generate_config_no_color" file="tests\test_bots\test_01\test_logging_config.py" line="57" time="0.002" /><testcase classname="tests.test_bots.test_01.test_call_and_compatible" name="test_check_tool_wrapper_happy_path_without_cache" file="tests\test_bots\test_01\test_call_and_compatible.py" line="136" time="0.007" /><testcase classname="tests.test_bots.test_01.test_logging_config" name="test_generate_config_ci" file="tests\test_bots\test_01\test_logging_config.py" line="64" time="0.002" /><testcase classname="tests.test_bots.test_01.test_logging_config" name="test_generate_config[env_vars1-standard]" file="tests\test_bots\test_01\test_logging_config.py" line="8" time="0.002" /><testcase classname="tests.test_bots.test_01.test_call_and_compatible" name="test_check_tool_wrapper[tool_info0-expected_result0]" file="tests\test_bots\test_01\test_call_and_compatible.py" line="10" time="0.001" /><testcase classname="tests.test_bots.test_01.test_logging_config" name="test_generate_config_no_color_and_ci" file="tests\test_bots\test_01\test_logging_config.py" line="71" time="0.002" /><testcase classname="tests.test_bots.test_01.test_call_and_compatible" name="test_check_tool_wrapper_edge_case_no_version" file="tests\test_bots\test_01\test_call_and_compatible.py" line="159" time="0.002" /><testcase classname="tests.test_bots.test_01.test_logging_config" name="test_generate_config[env_vars0-standard]" file="tests\test_bots\test_01\test_logging_config.py" line="8" time="0.002" /><testcase classname="tests.test_bots.test_01.test_call_and_compatible" name="test_check_tool_wrapper[tool_info2-expected_result2]" file="tests\test_bots\test_01\test_call_and_compatible.py" line="10" time="0.002" /><testcase classname="tests.test_bots.test_01.test_logging_config" name="test_generate_config_custom_level" file="tests\test_bots\test_01\test_logging_config.py" line="49" time="0.001" /><testcase classname="tests.test_bots.test_01.test_call_and_compatible" name="test_check_tool_wrapper_happy_path_with_cache_enabled" file="tests\test_bots\test_01\test_call_and_compatible.py" line="114" time="0.002" /><testcase classname="tests.test_bots.test_01.test_compatibility" name="test_check_compatibility2" file="tests\test_bots\test_01\test_compatibility.py" line="35" time="0.011" /><testcase classname="tests.test_bots.test_01.test_call_and_compatible" name="test_check_tool_wrapper[tool_info1-expected_result1]" file="tests\test_bots\test_01\test_call_and_compatible.py" line="10" time="0.002" /><testcase classname="tests.test_models" name="test_is_problem_no" file="tests\test_models.py" line="15" time="0.004" /><testcase classname="tests.test_models" name="test_is_problem_yes" file="tests\test_models.py" line="38" time="0.001" /><testcase classname="tests.test_models" name="test_cache_hash" file="tests\test_models.py" line="3" time="0.002" /><testcase classname="tests.test_bots.test_01.test_compatibility" name="test_check_compatibility[*-1.1.1-Compatible-None]" file="tests\test_bots\test_01\test_compatibility.py" line="8" time="0.002" /><testcase classname="tests.test_models" name="test_cache_hash_different" file="tests\test_models.py" line="9" time="0.001" /><testcase classname="tests.test_bots.test_01.test_compatibility" name="test_check_compatibility[&gt;=1.1.1-invalid_version-Can't tell-None]" file="tests\test_bots\test_01\test_compatibility.py" line="8" time="0.001" /><testcase classname="tests.test_bots.test_01.test_freeze" name="test_freeze_to_config_creating_update_tool_config_error" file="tests\test_bots\test_01\test_freeze.py" line="222" time="0.006" /><testcase classname="tests.test_bots.test_01.test_compatibility" name="test_check_compatibility[&gt;=1.0.0-None-Can't tell-None]" file="tests\test_bots\test_01\test_compatibility.py" line="8" time="0.001" /><testcase classname="tests.test_bots.test_01.test_compatibility" name="test_check_compatibility[&gt;=1.1.1-1.1.2-Compatible-expected_version2]" file="tests\test_bots\test_01\test_compatibility.py" line="8" time="0.001" /><testcase classname="tests.test_bots.test_01.test_compatibility" name="test_check_compatibility[&gt;=1.1.1-1.1.0-Compatible-expected_version1]" file="tests\test_bots\test_01\test_compatibility.py" line="8" time="0.001" /><testcase classname="tests.test_bots.test_01.test_freeze" name="test_freeze_to_config_happy_path" file="tests\test_bots\test_01\test_freeze.py" line="118" time="0.002" /><testcase classname="tests.test_bots.test_01.test_compatibility" name="test_check_compatibility[&gt;=1.1.1-1.1.1-Compatible-expected_version0]" file="tests\test_bots\test_01\test_compatibility.py" line="8" time="0.001" /><testcase classname="tests.test_bots.test_01.test_freeze" name="test_freeze_to_config_empty_tool_list" file="tests\test_bots\test_01\test_freeze.py" line="149" time="0.002" /><testcase classname="tests.test_main" name="test_default_behavior" file="tests\test_main.py" line="38" time="0.028" /><testcase classname="tests.test_bots.test_01.test_freeze" name="test_freeze_to_config_all_tools_unavailable" file="tests\test_bots\test_01\test_freeze.py" line="166" time="0.002" /><testcase classname="tests.test_bots.test_01.test_freeze" name="test_freeze_to_config_handles_exceptions" file="tests\test_bots\test_01\test_freeze.py" line="72" time="0.002" /><testcase classname="tests.test_bots.test_01.test_freeze" name="test_freeze_requirements[tool_names0-expected_results0]" file="tests\test_bots\test_01\test_freeze.py" line="13" time="0.002" /><testcase classname="tests.test_bots.test_01.test_freeze" name="test_freeze_requirements[tool_names1-expected_results1]" file="tests\test_bots\test_01\test_freeze.py" line="13" time="0.002" /><testcase classname="tests.test_hypothesis.test_audit_cache" name="test_fuzz_AuditFacade[subdir]" file="tests\test_hypothesis\test_audit_cache.py" line="16" time="0.011" /><testcase classname="tests.test_hypothesis.test_audit_cache" name="test_fuzz_AuditFacade[None]" file="tests\test_hypothesis\test_audit_cache.py" line="16" time="0.005" /><testcase classname="tests.test_main" name="test_demo_command_venv" file="tests\test_main.py" line="65" time="0.005" /><testcase classname="tests.test_bots.test_01.test_view_venv_stress_test" name="test_get_executables_in_venv[win32-expected_executables1]" file="tests\test_bots\test_01\test_view_venv_stress_test.py" line="10" time="0.006" /><testcase classname="tests.test_main" name="test_demo_command_pipx" file="tests\test_main.py" line="59" time="0.004" /><testcase classname="tests.test_main" name="test_audit_command" file="tests\test_main.py" line="52" time="0.004" /><testcase classname="tests.test_bots.test_01.test_view_venv_stress_test" name="test_get_executables_in_venv[win32-expected_executables0]" file="tests\test_bots\test_01\test_view_venv_stress_test.py" line="10" time="0.003" /><testcase classname="tests.test_bots.test_01.test_view_venv_stress_test" name="test_get_executables_in_venv[win32-expected_executables2]" file="tests\test_bots\test_01\test_view_venv_stress_test.py" line="10" time="0.003" /><testcase classname="tests.test_main" name="test_freeze_command" file="tests\test_main.py" line="45" time="0.005" /><testcase classname="tests.test_bots.test_01.test_view_venv_stress_test" name="test_get_executables_in_venv[linux-expected_executables3]" file="tests\test_bots\test_01\test_view_venv_stress_test.py" line="10" time="0.002" /><testcase classname="tests.test_bots.test_01.test_freeze" name="test_freeze_requirements[tool_names2-expected_results2]" file="tests\test_bots\test_01\test_freeze.py" line="13" time="0.005" /><testcase classname="tests.test_bots.test_01.test_view_venv_stress_test" name="test_get_executables_in_venv[linux-expected_executables5]" file="tests\test_bots\test_01\test_view_venv_stress_test.py" line="10" time="0.003" /><testcase classname="tests.test_bots.test_01.test_view_venv_stress_test" name="test_get_executables_in_venv[linux-expected_executables4]" file="tests\test_bots\test_01\test_view_venv_stress_test.py" line="10" time="0.002" /><testcase classname="tests.test_bots.test_01.test_freeze" name="test_freeze_to_config_read_config_error" file="tests\test_bots\test_01\test_freeze.py" line="195" time="0.002" /><testcase classname="tests.test_hypothesis.test_policy" name="test_fuzz_apply_policy" file="tests\test_hypothesis\test_policy.py" line="11" time="0.620" /><testcase classname="tests.test_bots.test_01.test_config_manager" name="test_read_config_file_not_found" file="tests\test_bots\test_01\test_config_manager.py" line="10" time="0.002" /><testcase classname="tests.test_bots.test_01.test_config_manager" name="test_create_tool_config_existing_tool" file="tests\test_bots\test_01\test_config_manager.py" line="66" time="0.004" /><testcase classname="tests.test_bots.test_02.test_policy" name="test_apply_policy" file="tests\test_bots\test_02\test_policy.py" line="24" time="0.003" /><testcase classname="tests.test_hypothesis.test_version_parsing" name="test_fuzz_extract_first_two_part_version" file="tests\test_hypothesis\test_version_parsing.py" line="21" time="0.069" /><testcase classname="tests.test_hypothesis.test_version_parsing" name="test_fuzz_two_pass_semver_parse" file="tests\test_hypothesis\test_version_parsing.py" line="26" time="0.046" /><testcase classname="tests.test_hypothesis.test_version_parsing" name="test_fuzz_extract_first_semver_version" file="tests\test_hypothesis\test_version_parsing.py" line="16" time="0.043" /><testcase classname="tests.test_hypothesis.test_version_parsing" name="test_fuzz_convert2semver" file="tests\test_hypothesis\test_version_parsing.py" line="11" time="0.005" /><testcase classname="tests.test_bots.test_01.test_json_utils" name="test_custom_json_serializer_valid[SampleEnum.OPTION_A-Option A]" file="tests\test_bots\test_01\test_json_utils.py" line="22" time="0.001" /><testcase classname="tests.test_bots.test_01.test_json_utils" name="test_custom_json_serializer_invalid[input_value0]" file="tests\test_bots\test_01\test_json_utils.py" line="37" time="0.001" /><testcase classname="tests.test_bots.test_01.test_json_utils" name="test_custom_json_serializer_date" file="tests\test_bots\test_01\test_json_utils.py" line="64" time="0.001" /><testcase classname="tests.test_bots.test_01.test_json_utils" name="test_custom_json_serializer_datetime" file="tests\test_bots\test_01\test_json_utils.py" line="69" time="0.001" /><testcase classname="tests.test_bots.test_01.test_json_utils" name="test_custom_json_serializer_dataclass" file="tests\test_bots\test_01\test_json_utils.py" line="74" time="0.001" /><testcase classname="tests.test_bots.test_01.test_json_utils" name="test_custom_json_serializer_invalid[A string]" file="tests\test_bots\test_01\test_json_utils.py" line="37" time="0.001" /><testcase classname="tests.test_bots.test_01.test_json_utils" name="test_custom_json_serializer_dict" file="tests\test_bots\test_01\test_json_utils.py" line="103" time="0.001" /><testcase classname="tests.test_bots.test_01.test_json_utils" name="test_custom_json_serializer_valid[input_value0-2023-01-01T12:00:00]" file="tests\test_bots\test_01\test_json_utils.py" line="22" time="0.001" /><testcase classname="tests.test_bots.test_01.test_json_utils" name="test_custom_json_serializer_invalid[42]" file="tests\test_bots\test_01\test_json_utils.py" line="37" time="0.001" /><testcase classname="tests.test_hypothesis.test_models" name="test_fuzz_ToolAvailabilityResult" file="tests\test_hypothesis\test_models.py" line="44" time="0.109" /><testcase classname="tests.test_check_compatibility" name="test_multiline" file="tests\test_check_compatibility.py" line="21" time="0.001" /><testcase classname="tests.test_check_compatibility" name="test_ascii_art" file="tests\test_check_compatibility.py" line="28" time="0.001" /><testcase classname="tests.test_check_compatibility" name="test_isort_semver" file="tests\test_check_compatibility.py" line="65" time="0.001" /><testcase classname="tests.test_check_compatibility" name="test_not_compatible" file="tests\test_check_compatibility.py" line="8" time="0.001" /><testcase classname="tests.test_check_compatibility" name="test_compatible" file="tests\test_check_compatibility.py" line="12" time="0.001" /><testcase classname="tests.test_check_compatibility" name="test_any_will_do_compatible" file="tests\test_check_compatibility.py" line="4" time="0.001" /><testcase classname="tests.test_bots.test_02.test_models" name="test_tool_availability_result" file="tests\test_bots\test_02\test_models.py" line="132" time="0.001" /><testcase classname="tests.test_bots.test_02.test_models" name="test_status_existence_schema" file="tests\test_bots\test_02\test_models.py" line="60" time="0.001" /><testcase classname="tests.test_bots.test_02.test_models" name="test_tool_availability_result2" file="tests\test_bots\test_02\test_models.py" line="170" time="0.001" /><testcase classname="tests.test_bots.test_02.test_models" name="test_status_compatible" file="tests\test_bots\test_02\test_models.py" line="146" time="0.001" /><testcase classname="tests.test_bots.test_02.test_models" name="test_status_not_available" file="tests\test_bots\test_02\test_models.py" line="42" time="0.001" /><testcase classname="tests.test_bots.test_02.test_models" name="test_status_broken_tool" file="tests\test_bots\test_02\test_models.py" line="78" time="0.001" /><testcase classname="tests.test_bots.test_02.test_models" name="test_cache_hash_empty_config" file="tests\test_bots\test_02\test_models.py" line="187" time="0.004" /><testcase classname="tests.test_bots.test_02.test_models" name="test_status_wrong_os" file="tests\test_bots\test_02\test_models.py" line="24" time="0.001" /><testcase classname="tests.test_bots.test_02.test_models" name="test_is_problem_false_not_needed_for_os" file="tests\test_bots\test_02\test_models.py" line="200" time="0.001" /><testcase classname="tests.test_bots.test_02.test_models" name="test_is_problem_true" file="tests\test_bots\test_02\test_models.py" line="96" time="0.001" /><testcase classname="tests.test_bots.test_02.test_models" name="test_cache_hash" file="tests\test_bots\test_02\test_models.py" line="14" time="0.001" /><testcase classname="tests.test_bots.test_02.test_models" name="test_is_problem_false" file="tests\test_bots\test_02\test_models.py" line="114" time="0.001" /><testcase classname="tests.test_hypothesis.test_compatibility" name="test_fuzz_split_version_match_pattern" file="tests\test_hypothesis\test_compatibility.py" line="15" time="0.048" /><testcase classname="tests.test_hypothesis.test_compatibility" name="test_fuzz_check_compatibility" file="tests\test_hypothesis\test_compatibility.py" line="10" time="0.069" /><testcase classname="tests.test_bots.test_01.test_view_npm_stress_test" name="test_report_for_npm_tools_no_executables" file="tests\test_bots\test_01\test_view_npm_stress_test.py" line="3" time="0.006" /><testcase classname="tests.test_bots.test_01.test_config_reader" name="test_read_config_no_tools" file="tests\test_bots\test_01\test_config_reader.py" line="65" time="0.003" /><testcase classname="tests.test_bots.test_01.test_config_reader" name="test_read_config[False-expected_output0-Config section not found, expected [tool.cli-tools] with values]" file="tests\test_bots\test_01\test_config_reader.py" line="9" time="0.003" /><testcase classname="tests.test_bots.test_01.test_config_reader" name="test_read_config_happy_path" file="tests\test_bots\test_01\test_config_reader.py" line="49" time="0.002" /><testcase classname="tests.test_bots.test_01.test_config_reader" name="test_read_config_malformed_config" file="tests\test_bots\test_01\test_config_reader.py" line="81" time="0.003" /><testcase classname="tests.test_bots.test_01.test_version_parsing" name="test_two_pass_semver_parse_exceptions" file="tests\test_bots\test_01\test_version_parsing.py" line="39" time="0.002" /><testcase classname="tests.test_bots.test_01.test_version_parsing" name="test_two_pass_semver_parse[1.2.3a1-expected_version2]" file="tests\test_bots\test_01\test_version_parsing.py" line="15" time="0.001" /><testcase classname="tests.test_bots.test_01.test_version_parsing" name="test_two_pass_semver_parse[1.2.3-expected_version0]" file="tests\test_bots\test_01\test_version_parsing.py" line="15" time="0.001" /><testcase classname="tests.test_bots.test_01.test_version_parsing" name="test_extract_first_two_part_version" file="tests\test_bots\test_01\test_version_parsing.py" line="70" time="0.001" /><testcase classname="tests.test_bots.test_01.test_version_parsing" name="test_two_pass_semver_parse[-None]" file="tests\test_bots\test_01\test_version_parsing.py" line="15" time="0.001" /><testcase classname="tests.test_bots.test_01.test_version_parsing" name="test_two_pass_semver_parse_with_side_effects" file="tests\test_bots\test_01\test_version_parsing.py" line="110" time="0.001" /><testcase classname="tests.test_bots.test_01.test_version_parsing" name="test_extract_first_semver_version" file="tests\test_bots\test_01\test_version_parsing.py" line="80" time="0.001" /><testcase classname="tests.test_bots.test_01.test_version_parsing" name="test_two_pass_semver_parse[1.2-expected_version1]" file="tests\test_bots\test_01\test_version_parsing.py" line="15" time="0.001" /><testcase classname="tests.test_bots.test_01.test_version_parsing" name="test_two_pass_semver_parse[1.2.3a1.post1-expected_version3]" file="tests\test_bots\test_01\test_version_parsing.py" line="15" time="0.001" /><testcase classname="tests.test_bots.test_01.test_version_parsing" name="test_convert2semver" file="tests\test_bots\test_01\test_version_parsing.py" line="90" time="0.001" /><testcase classname="tests.test_bots.test_01.test_version_parsing" name="test_two_pass_semver_parse[not.a.version-None]" file="tests\test_bots\test_01\test_version_parsing.py" line="15" time="0.001" /><testcase classname="tests.test_bots.test_01.test_version_parsing" name="test_two_pass_semver_parse[1.0.0+build.1-expected_version7]" file="tests\test_bots\test_01\test_version_parsing.py" line="15" time="0.001" /><testcase classname="tests.test_bots.test_01.test_version_parsing" name="test_two_pass_semver_parse_happy_path" file="tests\test_bots\test_01\test_version_parsing.py" line="103" time="0.001" /><testcase classname="tests.test_bots.test_01.test_version_parsing" name="test_two_pass_semver_parse[2.0.0-beta-expected_version6]" file="tests\test_bots\test_01\test_version_parsing.py" line="15" time="0.001" /><testcase classname="tests.test_bots.test_01.test_version_parsing" name="test_two_pass_semver_parse[1.2.3.4-expected_version5]" file="tests\test_bots\test_01\test_version_parsing.py" line="15" time="0.001" /><testcase classname="tests.test_cache" name="test_audit_facade_caching" file="tests\test_cache.py" line="17" time="0.011" /><testcase classname="tests.test_bots.test_02.test_version_parsing" name="test_extract_first_semver_version" file="tests\test_bots\test_02\test_version_parsing.py" line="33" time="0.001" /><testcase classname="tests.test_bots.test_02.test_version_parsing" name="test_convert2semver" file="tests\test_bots\test_02\test_version_parsing.py" line="40" time="0.001" /><testcase classname="tests.test_bots.test_02.test_version_parsing" name="test_two_pass_semver_parse" file="tests\test_bots\test_02\test_version_parsing.py" line="54" time="0.001" /><testcase classname="tests.test_bots.test_02.test_version_parsing" name="test_extract_first_two_part_version" file="tests\test_bots\test_02\test_version_parsing.py" line="25" time="0.001" /><testcase classname="tests.test_freeze" name="test_freeze_to_screen" file="tests\test_freeze.py" line="4" time="0.382" /><testcase classname="tests.test_bots.test_01.test_config_manager" name="test_update_tool_config_non_existent_tool" file="tests\test_bots\test_01\test_config_manager.py" line="94" time="0.005" /><testcase classname="tests.test_bots.test_01.test_config_manager" name="test_read_config_happy_path" file="tests\test_bots\test_01\test_config_manager.py" line="41" time="0.006" /><testcase classname="tests.test_bots.test_01.test_json_utils" name="test_custom_json_serializer_int" file="tests\test_bots\test_01\test_json_utils.py" line="88" time="0.003" /><testcase classname="tests.test_bots.test_01.test_json_utils" name="test_custom_json_serializer_enum" file="tests\test_bots\test_01\test_json_utils.py" line="79" time="0.001" /><testcase classname="tests.test_bots.test_01.test_json_utils" name="test_custom_json_serializer_none" file="tests\test_bots\test_01\test_json_utils.py" line="83" time="0.001" /><testcase classname="tests.test_bots.test_01.test_json_utils" name="test_custom_json_serializer_valid[input_value1-2023-01-01]" file="tests\test_bots\test_01\test_json_utils.py" line="22" time="0.001" /><testcase classname="tests.test_bots.test_01.test_json_utils" name="test_custom_json_serializer_str" file="tests\test_bots\test_01\test_json_utils.py" line="93" time="0.001" /><testcase classname="tests.test_bots.test_01.test_json_utils" name="test_custom_json_serializer_valid[input_value2-expected_output2]" file="tests\test_bots\test_01\test_json_utils.py" line="22" time="0.001" /><testcase classname="tests.test_bots.test_01.test_json_utils" name="test_custom_json_serializer_list" file="tests\test_bots\test_01\test_json_utils.py" line="98" time="0.001" /><testcase classname="tests.test_hypothesis.test_logging_config" name="test_fuzz_generate_config" file="tests\test_hypothesis\test_logging_config.py" line="9" time="0.056" /><testcase classname="tests.test_hypothesis.test_compatibility_complex" name="test_fuzz_convert_version_range" file="tests\test_hypothesis\test_compatibility_complex.py" line="59" time="0.011" /><testcase classname="tests.test_hypothesis.test_views" name="test_fuzz_pretty_print_results" file="tests\test_hypothesis\test_views.py" line="14" time="0.665" /><testcase classname="tests.test_interactive" name="test_interactive_config_manager" file="tests\test_interactive.py" line="6" time="0.010" /><testcase classname="tests.test_bots.test_01.test_models" name="test_tool_check_result_edge_case_wrong_os" file="tests\test_bots\test_01\test_models.py" line="158" time="0.001" /><testcase classname="tests.test_bots.test_01.test_models" name="test_tool_check_result_happy_path" file="tests\test_bots\test_01\test_models.py" line="135" time="0.001" /><testcase classname="tests.test_bots.test_01.test_models" name="test_tool_check_result[result1-Not available-True]" file="tests\test_bots\test_01\test_models.py" line="8" time="0.001" /><testcase classname="tests.test_bots.test_01.test_models" name="test_cache_hash_mock_encoding_error" file="tests\test_bots\test_01\test_models.py" line="90" time="0.001" /><testcase classname="tests.test_bots.test_01.test_models" name="test_tool_check_result[result0-Wrong OS-False]" file="tests\test_bots\test_01\test_models.py" line="8" time="0.001" /><testcase classname="tests.test_bots.test_01.test_models" name="test_cli_tool_config_happy_path" file="tests\test_bots\test_01\test_models.py" line="108" time="0.001" /><testcase classname="tests.test_bots.test_01.test_models" name="test_tool_check_result[result2-Compatible-False]" file="tests\test_bots\test_01\test_models.py" line="8" time="0.001" /><testcase classname="tests.test_bots.test_01.test_models" name="test_cli_tool_config_edge_cases" file="tests\test_bots\test_01\test_models.py" line="119" time="0.001" /><testcase classname="tests.test_bots.test_01.test_models" name="test_cli_tool_config_cache_hash_error_conditions" file="tests\test_bots\test_01\test_models.py" line="195" time="0.002" /><testcase classname="tests.test_bots.test_01.test_models" name="test_tool_check_result_not_available" file="tests\test_bots\test_01\test_models.py" line="176" time="0.001" /><testcase classname="tests.test_bots.test_01.test_models" name="test_tool_check_result[result3-Incompatible-True]" file="tests\test_bots\test_01\test_models.py" line="8" time="0.002" /><testcase classname="tests.test_bots.test_01.test_policy" name="test_apply_policy[tool_results0-False]" file="tests\test_bots\test_01\test_policy.py" line="8" time="0.001" /><testcase classname="tests.test_bots.test_01.test_policy" name="test_apply_policy_empty_list" file="tests\test_bots\test_01\test_policy.py" line="96" time="0.001" /><testcase classname="tests.test_bots.test_01.test_policy" name="test_apply_policy[tool_results3-True]" file="tests\test_bots\test_01\test_policy.py" line="8" time="0.001" /><testcase classname="tests.test_bots.test_01.test_policy" name="test_apply_policy_mixed_results" file="tests\test_bots\test_01\test_policy.py" line="74" time="0.002" /><testcase classname="tests.test_bots.test_01.test_policy" name="test_apply_policy[tool_results4-True]" file="tests\test_bots\test_01\test_policy.py" line="8" time="0.001" /><testcase classname="tests.test_bots.test_01.test_policy" name="test_apply_policy_happy_path" file="tests\test_bots\test_01\test_policy.py" line="57" time="0.002" /><testcase classname="tests.test_bots.test_01.test_policy" name="test_apply_policy[tool_results2-True]" file="tests\test_bots\test_01\test_policy.py" line="8" time="0.001" /><testcase classname="tests.test_bots.test_01.test_policy" name="test_apply_policy_unexpected_attribute" file="tests\test_bots\test_01\test_policy.py" line="103" time="0.001" /><testcase classname="tests.test_bots.test_01.test_policy" name="test_apply_policy[tool_results1-True]" file="tests\test_bots\test_01\test_policy.py" line="8" time="0.001" /><testcase classname="tests.test_stress_tests" name="test_report_for_npm_tools" file="tests\test_stress_tests.py" line="11" time="0.596" /><testcase classname="tests.test_hypothesis.test_views" name="test_fuzz_validate" file="tests\test_hypothesis\test_views.py" line="148" time="0.006"><skipped type="pytest.skip" message="Test is slow and hangs">C:\github\cli_tool_audit\tests\test_hypothesis\test_views.py:161: Test is slow and hangs</skipped></testcase><testcase classname="tests.test_integration" name="test_with_live_tools" file="tests\test_integration.py" line="5" time="0.004" /><testcase classname="tests.test_hypothesis.test_models" name="test_fuzz_CliToolConfig" file="tests\test_hypothesis\test_models.py" line="12" time="0.206" /><testcase classname="tests.test_stress_tests" name="test_report_for_venv_tools" file="tests\test_stress_tests.py" line="32" time="0.331" /><testcase classname="tests.test_hypothesis.test_models" name="test_fuzz_ToolCheckResult" file="tests\test_hypothesis\test_models.py" line="64" time="0.286" /><testcase classname="tests.test_bots.test_02.test___main__" name="test_handle_audit" file="tests\test_bots\test_02\test___main__.py" line="15" time="0.002" /><testcase classname="tests.test_bots.test_02.test___main__" name="test_main_handle_audit_mock" file="tests\test_bots\test_02\test___main__.py" line="40" time="0.026" /><testcase classname="tests.test_stress_tests" name="test_report_for_pyproject_toml" file="tests\test_stress_tests.py" line="36" time="4.755" /><testcase classname="tests.test_check_complex_compatibility" name="test_check_range_compatibility" file="tests\test_check_complex_compatibility.py" line="5" time="0.002" /><testcase classname="tests.test_check_complex_compatibility" name="test_convert_version_range" file="tests\test_check_complex_compatibility.py" line="10" time="0.001" /><testcase classname="tests.test_bots.test_01.test___main__" name="test_handle_create_with_exceptions[exception0-Tool already exists.]" file="tests\test_bots\test_01\test___main__.py" line="38" time="0.003" /><testcase classname="tests.test_bots.test_01.test___main__" name="test_handle_create_tool_exists[example_tool-Tool already exists.]" file="tests\test_bots\test_01\test___main__.py" line="101" time="0.002" /><testcase classname="tests.test_bots.test_01.test___main__" name="test_reduce_args_tool_cli_tool_config_args[input_args2-expected_output2]" file="tests\test_bots\test_01\test___main__.py" line="9" time="0.001" /><testcase classname="tests.test_bots.test_01.test___main__" name="test_reduce_args_tool_cli_tool_config_args[input_args0-expected_output0]" file="tests\test_bots\test_01\test___main__.py" line="9" time="0.001" /><testcase classname="tests.test_bots.test_01.test___main__" name="test_handle_create_with_exceptions[exception1-Unexpected error occurred.]" file="tests\test_bots\test_01\test___main__.py" line="38" time="0.002" /><testcase classname="tests.test_bots.test_01.test___main__" name="test_reduce_args_tool_cli_tool_config_args[input_args1-expected_output1]" file="tests\test_bots\test_01\test___main__.py" line="9" time="0.001" /><testcase classname="tests.test_bots.test_01.test___main__" name="test_handle_create_unexpected_error" file="tests\test_bots\test_01\test___main__.py" line="114" time="0.001" /><testcase classname="tests.test_bots.test_01.test___main__" name="test_handle_create_success" file="tests\test_bots\test_01\test___main__.py" line="83" time="0.001" /><testcase classname="tests.test_bots.test_02.test_compatibility" name="test_check_compatibility" file="tests\test_bots\test_02\test_compatibility.py" line="27" time="0.009" /><testcase classname="tests.test_bots.test_02.test_compatibility" name="test_split_version_match_pattern" file="tests\test_bots\test_02\test_compatibility.py" line="19" time="0.002" /><testcase classname="tests.test_stress_tests" name="test_report_for_pipx_tools" file="tests\test_stress_tests.py" line="28" time="1.904" /><testcase classname="tests.test_hypothesis.test_call_tools" name="test_fuzz_get_command_last_modified_date" file="tests\test_hypothesis\test_call_tools.py" line="26" time="0.022" /></testsuite></testsuites>